<?xml version="1.0" encoding="UTF-8"?>
<!-- Generated by org.testng.reporters.JUnitReportReporter -->
<testsuite hostname="DESKTOP-QER32KA" failures="0" tests="6" name="com.opencart.tests.HomePageTest" time="4.103" errors="1" timestamp="2023-12-21T19:31:24 IST" skipped="5">
  <testcase classname="com.opencart.tests.HomePageTest" name="homePageTitleTest" time="0.000">
    <skipped/>
  </testcase> <!-- homePageTitleTest -->
  <testcase classname="com.opencart.tests.HomePageTest" name="setUP" time="4.101">
    <error message="Cannot find command to respond: 3" type="com.microsoft.playwright.PlaywrightException">
      <![CDATA[com.microsoft.playwright.PlaywrightException: Cannot find command to respond: 3
at com.microsoft.playwright.impl.Connection.dispatch(Connection.java:241)
at com.microsoft.playwright.impl.Connection.processOneMessage(Connection.java:209)
at com.microsoft.playwright.impl.ChannelOwner.runUntil(ChannelOwner.java:118)
at com.microsoft.playwright.impl.Connection.sendMessage(Connection.java:129)
at com.microsoft.playwright.impl.ChannelOwner.sendMessage(ChannelOwner.java:106)
at com.microsoft.playwright.impl.ChannelOwner.sendMessage(ChannelOwner.java:101)
at com.microsoft.playwright.impl.BrowserContextImpl.newPageImpl(BrowserContextImpl.java:419)
at com.microsoft.playwright.impl.BrowserContextImpl.lambda$newPage$13(BrowserContextImpl.java:412)
at com.microsoft.playwright.impl.LoggingSupport.withLogging(LoggingSupport.java:47)
at com.microsoft.playwright.impl.ChannelOwner.withLogging(ChannelOwner.java:89)
at com.microsoft.playwright.impl.BrowserContextImpl.newPage(BrowserContextImpl.java:412)
at com.microsoft.playwright.impl.BrowserContextImpl.newPage(BrowserContextImpl.java:44)
at com.opencart.factory.Browsers.startBrowser(Browsers.java:65)
at com.opencart.base.BaseTest.setUP(BaseTest.java:32)
at java.base/jdk.internal.reflect.DirectMethodHandleAccessor.invoke(DirectMethodHandleAccessor.java:104)
at java.base/java.lang.reflect.Method.invoke(Method.java:578)
at org.testng.internal.invokers.MethodInvocationHelper.invokeMethod(MethodInvocationHelper.java:139)
at org.testng.internal.invokers.MethodInvocationHelper.invokeMethodConsideringTimeout(MethodInvocationHelper.java:69)
at org.testng.internal.invokers.ConfigInvoker.invokeConfigurationMethod(ConfigInvoker.java:390)
at org.testng.internal.invokers.ConfigInvoker.invokeConfigurations(ConfigInvoker.java:325)
at org.testng.TestRunner.invokeTestConfigurations(TestRunner.java:663)
at org.testng.TestRunner.beforeRun(TestRunner.java:652)
at org.testng.TestRunner.run(TestRunner.java:614)
at org.testng.SuiteRunner.runTest(SuiteRunner.java:443)
at org.testng.SuiteRunner$SuiteWorker.run(SuiteRunner.java:481)
at org.testng.internal.thread.ThreadUtil.lambda$execute$0(ThreadUtil.java:58)
at java.base/java.util.concurrent.FutureTask.run(FutureTask.java:317)
at java.base/java.util.concurrent.ThreadPoolExecutor.runWorker(ThreadPoolExecutor.java:1144)
at java.base/java.util.concurrent.ThreadPoolExecutor$Worker.run(ThreadPoolExecutor.java:642)
at java.base/java.lang.Thread.run(Thread.java:1623)
]]>
    </error>
  </testcase> <!-- setUP -->
  <testcase classname="com.opencart.tests.HomePageTest" name="searchTest" time="0.001">
    <skipped/>
  </testcase> <!-- searchTest -->
  <testcase classname="com.opencart.tests.HomePageTest" name="searchTest" time="0.000">
    <skipped/>
  </testcase> <!-- searchTest -->
  <testcase classname="com.opencart.tests.HomePageTest" name="homePageURLTest" time="0.001">
    <skipped/>
  </testcase> <!-- homePageURLTest -->
  <testcase classname="com.opencart.tests.HomePageTest" name="searchTest" time="0.000">
    <skipped/>
  </testcase> <!-- searchTest -->
</testsuite> <!-- com.opencart.tests.HomePageTest -->
